2025-09-16 08:07:54,429 - log - INFO - Copy the Config file from ./cfgs/pretrain.yaml to ./experiments/pretrain/config.yaml
2025-09-16 08:07:54,429 - log - INFO - Distributed training: False
2025-09-16 08:07:54,430 - log - INFO - Set random seed to 0, deterministic: False
2025-09-16 08:07:54,432 - log - INFO - args.config : ./cfgs/pretrain.yaml
2025-09-16 08:07:54,433 - log - INFO - args.launcher : none
2025-09-16 08:07:54,433 - log - INFO - args.local_rank : 0
2025-09-16 08:07:54,433 - log - INFO - args.num_workers : 8
2025-09-16 08:07:54,433 - log - INFO - args.seed : 0
2025-09-16 08:07:54,433 - log - INFO - args.deterministic : False
2025-09-16 08:07:54,433 - log - INFO - args.sync_bn : False
2025-09-16 08:07:54,433 - log - INFO - args.exp_name : pretrain
2025-09-16 08:07:54,433 - log - INFO - args.loss : cd1
2025-09-16 08:07:54,433 - log - INFO - args.start_ckpts : None
2025-09-16 08:07:54,433 - log - INFO - args.ckpts : None
2025-09-16 08:07:54,433 - log - INFO - args.val_freq : 20
2025-09-16 08:07:54,433 - log - INFO - args.vote : False
2025-09-16 08:07:54,433 - log - INFO - args.resume : False
2025-09-16 08:07:54,433 - log - INFO - args.test : False
2025-09-16 08:07:54,434 - log - INFO - args.finetune_model : False
2025-09-16 08:07:54,434 - log - INFO - args.scratch_model : False
2025-09-16 08:07:54,434 - log - INFO - args.mode : None
2025-09-16 08:07:54,434 - log - INFO - args.use_tfboard : False
2025-09-16 08:07:54,434 - log - INFO - args.way : -1
2025-09-16 08:07:54,434 - log - INFO - args.shot : -1
2025-09-16 08:07:54,434 - log - INFO - args.fold : -1
2025-09-16 08:07:54,434 - log - INFO - args.myarg_batch_size : 64
2025-09-16 08:07:54,434 - log - INFO - args.myarg_rot_train : so3
2025-09-16 08:07:54,434 - log - INFO - args.myarg_rot_test : so3
2025-09-16 08:07:54,434 - log - INFO - args.myarg_lrf_axis1 : pca
2025-09-16 08:07:54,434 - log - INFO - args.myarg_lrf_axis2 : mean
2025-09-16 08:07:54,434 - log - INFO - args.myarg_output_feature_type : pod
2025-09-16 08:07:54,434 - log - INFO - args.myarg_pod_gridsize : 6
2025-09-16 08:07:54,435 - log - INFO - args.myarg_trans_depth : 12
2025-09-16 08:07:54,435 - log - INFO - args.myarg_group_size : 32
2025-09-16 08:07:54,435 - log - INFO - args.myarg_num_group : 64
2025-09-16 08:07:54,435 - log - INFO - args.myarg_mask_ratio : 0.6
2025-09-16 08:07:54,435 - log - INFO - args.myarg_attn_mode : rel_contextual
2025-09-16 08:07:54,435 - log - INFO - args.myarg_attn_subsample_rate : 0.25
2025-09-16 08:07:54,435 - log - INFO - args.myarg_attn_target : knn_dilate
2025-09-16 08:07:54,435 - log - INFO - args.partseg : False
2025-09-16 08:07:54,435 - log - INFO - args.domain_adaptation : False
2025-09-16 08:07:54,435 - log - INFO - args.experiment_path : ./experiments/pretrain
2025-09-16 08:07:54,435 - log - INFO - args.log_name : log
2025-09-16 08:07:54,435 - log - INFO - args.use_gpu : True
2025-09-16 08:07:54,435 - log - INFO - args.distributed : False
2025-09-16 08:07:54,435 - log - INFO - config.optimizer = edict()
2025-09-16 08:07:54,435 - log - INFO - config.optimizer.type : AdamW
2025-09-16 08:07:54,436 - log - INFO - config.optimizer.kwargs = edict()
2025-09-16 08:07:54,436 - log - INFO - config.optimizer.kwargs.lr : 0.001
2025-09-16 08:07:54,436 - log - INFO - config.optimizer.kwargs.weight_decay : 0.05
2025-09-16 08:07:54,436 - log - INFO - config.scheduler = edict()
2025-09-16 08:07:54,436 - log - INFO - config.scheduler.type : CosLR
2025-09-16 08:07:54,436 - log - INFO - config.scheduler.kwargs = edict()
2025-09-16 08:07:54,436 - log - INFO - config.scheduler.kwargs.epochs : 300
2025-09-16 08:07:54,436 - log - INFO - config.scheduler.kwargs.initial_epochs : 10
2025-09-16 08:07:54,436 - log - INFO - config.dataset = edict()
2025-09-16 08:07:54,436 - log - INFO - config.dataset.train = edict()
2025-09-16 08:07:54,436 - log - INFO - config.dataset.train._base_ = edict()
2025-09-16 08:07:54,436 - log - INFO - config.dataset.train._base_.NAME : ShapeNet_withnormal
2025-09-16 08:07:54,436 - log - INFO - config.dataset.train._base_.PC_PATH : data/ShapeNet55_withnormal
2025-09-16 08:07:54,436 - log - INFO - config.dataset.train._base_.N_POINTS : 2048
2025-09-16 08:07:54,437 - log - INFO - config.dataset.train.others = edict()
2025-09-16 08:07:54,437 - log - INFO - config.dataset.train.others.subset : all
2025-09-16 08:07:54,437 - log - INFO - config.dataset.train.others.npoints : 1024
2025-09-16 08:07:54,437 - log - INFO - config.dataset.train.others.shuffle : True
2025-09-16 08:07:54,437 - log - INFO - config.dataset.train.others.bs : 64
2025-09-16 08:07:54,437 - log - INFO - config.dataset.train_inference = edict()
2025-09-16 08:07:54,437 - log - INFO - config.dataset.train_inference._base_ = edict()
2025-09-16 08:07:54,437 - log - INFO - config.dataset.train_inference._base_.NAME : ShapeNet_withnormal
2025-09-16 08:07:54,437 - log - INFO - config.dataset.train_inference._base_.PC_PATH : data/ShapeNet55_withnormal
2025-09-16 08:07:54,437 - log - INFO - config.dataset.train_inference._base_.N_POINTS : 2048
2025-09-16 08:07:54,437 - log - INFO - config.dataset.train_inference.others = edict()
2025-09-16 08:07:54,437 - log - INFO - config.dataset.train_inference.others.subset : all
2025-09-16 08:07:54,437 - log - INFO - config.dataset.train_inference.others.npoints : 1024
2025-09-16 08:07:54,437 - log - INFO - config.dataset.train_inference.others.shuffle : False
2025-09-16 08:07:54,438 - log - INFO - config.dataset.train_inference.others.bs : 128
2025-09-16 08:07:54,438 - log - INFO - config.dataset.val = edict()
2025-09-16 08:07:54,438 - log - INFO - config.dataset.val._base_ = edict()
2025-09-16 08:07:54,438 - log - INFO - config.dataset.val._base_.NAME : ShapeNet_withnormal
2025-09-16 08:07:54,438 - log - INFO - config.dataset.val._base_.PC_PATH : data/ShapeNet55_withnormal
2025-09-16 08:07:54,438 - log - INFO - config.dataset.val._base_.N_POINTS : 2048
2025-09-16 08:07:54,438 - log - INFO - config.dataset.val.others = edict()
2025-09-16 08:07:54,438 - log - INFO - config.dataset.val.others.subset : test
2025-09-16 08:07:54,438 - log - INFO - config.dataset.val.others.npoints : 1024
2025-09-16 08:07:54,438 - log - INFO - config.dataset.val.others.shuffle : False
2025-09-16 08:07:54,438 - log - INFO - config.dataset.val.others.bs : 64
2025-09-16 08:07:54,438 - log - INFO - config.dataset.test = edict()
2025-09-16 08:07:54,438 - log - INFO - config.dataset.test._base_ = edict()
2025-09-16 08:07:54,438 - log - INFO - config.dataset.test._base_.NAME : ShapeNet_withnormal
2025-09-16 08:07:54,439 - log - INFO - config.dataset.test._base_.PC_PATH : data/ShapeNet55_withnormal
2025-09-16 08:07:54,439 - log - INFO - config.dataset.test._base_.N_POINTS : 2048
2025-09-16 08:07:54,439 - log - INFO - config.dataset.test.others = edict()
2025-09-16 08:07:54,439 - log - INFO - config.dataset.test.others.subset : test
2025-09-16 08:07:54,439 - log - INFO - config.dataset.test.others.npoints : 1024
2025-09-16 08:07:54,439 - log - INFO - config.dataset.test.others.shuffle : False
2025-09-16 08:07:54,439 - log - INFO - config.dataset.test.others.bs : 64
2025-09-16 08:07:54,439 - log - INFO - config.model = edict()
2025-09-16 08:07:54,439 - log - INFO - config.model.NAME : MaskLRF
2025-09-16 08:07:54,439 - log - INFO - config.model.group_size : 32
2025-09-16 08:07:54,439 - log - INFO - config.model.num_group : 64
2025-09-16 08:07:54,439 - log - INFO - config.model.loss : cdl2
2025-09-16 08:07:54,439 - log - INFO - config.model.transformer_config = edict()
2025-09-16 08:07:54,439 - log - INFO - config.model.transformer_config.mask_ratio : 0.6
2025-09-16 08:07:54,439 - log - INFO - config.model.transformer_config.mask_type : rand
2025-09-16 08:07:54,440 - log - INFO - config.model.transformer_config.trans_dim : 384
2025-09-16 08:07:54,440 - log - INFO - config.model.transformer_config.encoder_dims : 384
2025-09-16 08:07:54,440 - log - INFO - config.model.transformer_config.depth : 12
2025-09-16 08:07:54,440 - log - INFO - config.model.transformer_config.drop_path_rate : 0.1
2025-09-16 08:07:54,440 - log - INFO - config.model.transformer_config.num_heads : 6
2025-09-16 08:07:54,440 - log - INFO - config.model.transformer_config.decoder_depth : 4
2025-09-16 08:07:54,440 - log - INFO - config.model.transformer_config.decoder_num_heads : 6
2025-09-16 08:07:54,440 - log - INFO - config.model.depth : 12
2025-09-16 08:07:54,440 - log - INFO - config.model.mask_ratio : 0.6
2025-09-16 08:07:54,440 - log - INFO - config.model.lrf_axis1 : pca
2025-09-16 08:07:54,440 - log - INFO - config.model.lrf_axis2 : mean
2025-09-16 08:07:54,440 - log - INFO - config.model.output_feature_type : pod
2025-09-16 08:07:54,440 - log - INFO - config.model.pod_gridsize : 6
2025-09-16 08:07:54,441 - log - INFO - config.model.attn_mode : rel_contextual
2025-09-16 08:07:54,441 - log - INFO - config.model.attn_subsample_rate : 0.25
2025-09-16 08:07:54,441 - log - INFO - config.model.attn_target : knn_dilate
2025-09-16 08:07:54,441 - log - INFO - config.npoints : 1024
2025-09-16 08:07:54,441 - log - INFO - config.total_bs : 128
2025-09-16 08:07:54,441 - log - INFO - config.step_per_update : 1
2025-09-16 08:07:54,441 - log - INFO - config.max_epoch : 300
2025-09-16 08:07:54,441 - log - INFO - config.rot_train : so3
2025-09-16 08:07:54,441 - log - INFO - config.rot_test : so3
